{"C:\\Users\\zaki7\\Documents\\projet_map\\backend\\controllers\\cityController.js": {"path":"C:\\Users\\zaki7\\Documents\\projet_map\\backend\\controllers\\cityController.js","statementMap":{"0":{"start":{"line":1,"column":20},"end":{"line":1,"column":54}},"1":{"start":{"line":5,"column":28},"end":{"line":5,"column":37}},"2":{"start":{"line":7,"column":4},"end":{"line":9,"column":5}},"3":{"start":{"line":8,"column":6},"end":{"line":8,"column":69}},"4":{"start":{"line":11,"column":4},"end":{"line":20,"column":5}},"5":{"start":{"line":12,"column":21},"end":{"line":15,"column":8}},"6":{"start":{"line":16,"column":6},"end":{"line":16,"column":22}},"7":{"start":{"line":18,"column":6},"end":{"line":18,"column":24}},"8":{"start":{"line":19,"column":6},"end":{"line":19,"column":63}},"9":{"start":{"line":24,"column":65},"end":{"line":24,"column":74}},"10":{"start":{"line":26,"column":17},"end":{"line":26,"column":32}},"11":{"start":{"line":27,"column":17},"end":{"line":27,"column":32}},"12":{"start":{"line":28,"column":22},"end":{"line":28,"column":49}},"13":{"start":{"line":30,"column":4},"end":{"line":32,"column":5}},"14":{"start":{"line":31,"column":6},"end":{"line":31,"column":84}},"15":{"start":{"line":34,"column":4},"end":{"line":47,"column":5}},"16":{"start":{"line":35,"column":21},"end":{"line":42,"column":8}},"17":{"start":{"line":43,"column":6},"end":{"line":43,"column":22}},"18":{"start":{"line":45,"column":6},"end":{"line":45,"column":24}},"19":{"start":{"line":46,"column":6},"end":{"line":46,"column":63}},"20":{"start":{"line":51,"column":0},"end":{"line":51,"column":37}}},"fnMap":{"0":{"name":"(anonymous_0)","decl":{"start":{"line":4,"column":2},"end":{"line":4,"column":3}},"loc":{"start":{"line":4,"column":25},"end":{"line":21,"column":3}},"line":4},"1":{"name":"(anonymous_1)","decl":{"start":{"line":23,"column":2},"end":{"line":23,"column":3}},"loc":{"start":{"line":23,"column":28},"end":{"line":48,"column":3}},"line":23}},"branchMap":{"0":{"loc":{"start":{"line":7,"column":4},"end":{"line":9,"column":5}},"type":"if","locations":[{"start":{"line":7,"column":4},"end":{"line":9,"column":5}},{"start":{},"end":{}}],"line":7},"1":{"loc":{"start":{"line":7,"column":8},"end":{"line":7,"column":35}},"type":"binary-expr","locations":[{"start":{"line":7,"column":8},"end":{"line":7,"column":13}},{"start":{"line":7,"column":17},"end":{"line":7,"column":35}}],"line":7},"2":{"loc":{"start":{"line":14,"column":15},"end":{"line":14,"column":36}},"type":"binary-expr","locations":[{"start":{"line":14,"column":15},"end":{"line":14,"column":30}},{"start":{"line":14,"column":34},"end":{"line":14,"column":36}}],"line":14},"3":{"loc":{"start":{"line":30,"column":4},"end":{"line":32,"column":5}},"type":"if","locations":[{"start":{"line":30,"column":4},"end":{"line":32,"column":5}},{"start":{},"end":{}}],"line":30},"4":{"loc":{"start":{"line":30,"column":8},"end":{"line":30,"column":54}},"type":"binary-expr","locations":[{"start":{"line":30,"column":8},"end":{"line":30,"column":19}},{"start":{"line":30,"column":23},"end":{"line":30,"column":34}},{"start":{"line":30,"column":38},"end":{"line":30,"column":54}}],"line":30},"5":{"loc":{"start":{"line":39,"column":15},"end":{"line":39,"column":36}},"type":"binary-expr","locations":[{"start":{"line":39,"column":15},"end":{"line":39,"column":30}},{"start":{"line":39,"column":34},"end":{"line":39,"column":36}}],"line":39},"6":{"loc":{"start":{"line":40,"column":23},"end":{"line":40,"column":51}},"type":"binary-expr","locations":[{"start":{"line":40,"column":23},"end":{"line":40,"column":46}},{"start":{"line":40,"column":50},"end":{"line":40,"column":51}}],"line":40}},"s":{"0":1,"1":5,"2":5,"3":2,"4":3,"5":3,"6":2,"7":1,"8":1,"9":6,"10":6,"11":6,"12":6,"13":6,"14":3,"15":3,"16":3,"17":2,"18":1,"19":1,"20":1},"f":{"0":5,"1":6},"b":{"0":[2,3],"1":[5,4],"2":[3,2],"3":[3,3],"4":[6,5,4],"5":[3,2],"6":[3,2]},"_coverageSchema":"1a1c01bbd47fc00a2c39e90264f33305004495a9","hash":"9925af68fc5217c7a7ffc9aff250213200fc3f7f"}
,"C:\\Users\\zaki7\\Documents\\projet_map\\backend\\middlewares\\cors.js": {"path":"C:\\Users\\zaki7\\Documents\\projet_map\\backend\\middlewares\\cors.js","statementMap":{"0":{"start":{"line":2,"column":2},"end":{"line":2,"column":51}},"1":{"start":{"line":3,"column":2},"end":{"line":3,"column":8}},"2":{"start":{"line":6,"column":0},"end":{"line":6,"column":21}}},"fnMap":{"0":{"name":"cors","decl":{"start":{"line":1,"column":9},"end":{"line":1,"column":13}},"loc":{"start":{"line":1,"column":30},"end":{"line":4,"column":1}},"line":1}},"branchMap":{},"s":{"0":2,"1":2,"2":1},"f":{"0":2},"b":{},"_coverageSchema":"1a1c01bbd47fc00a2c39e90264f33305004495a9","hash":"b9c29439435e649495683100ecbce0befd561159"}
,"C:\\Users\\zaki7\\Documents\\projet_map\\backend\\services\\cityService.js": {"path":"C:\\Users\\zaki7\\Documents\\projet_map\\backend\\services\\cityService.js","statementMap":{"0":{"start":{"line":1,"column":13},"end":{"line":1,"column":42}},"1":{"start":{"line":5,"column":19},"end":{"line":12,"column":5}},"2":{"start":{"line":13,"column":4},"end":{"line":13,"column":22}},"3":{"start":{"line":17,"column":18},"end":{"line":17,"column":69}},"4":{"start":{"line":19,"column":16},"end":{"line":32,"column":5}},"5":{"start":{"line":33,"column":19},"end":{"line":33,"column":55}},"6":{"start":{"line":35,"column":4},"end":{"line":38,"column":5}},"7":{"start":{"line":36,"column":6},"end":{"line":36,"column":52}},"8":{"start":{"line":37,"column":6},"end":{"line":37,"column":25}},"9":{"start":{"line":40,"column":4},"end":{"line":40,"column":68}},"10":{"start":{"line":41,"column":4},"end":{"line":41,"column":22}},"11":{"start":{"line":43,"column":19},"end":{"line":43,"column":50}},"12":{"start":{"line":44,"column":4},"end":{"line":44,"column":22}},"13":{"start":{"line":48,"column":0},"end":{"line":48,"column":34}}},"fnMap":{"0":{"name":"(anonymous_0)","decl":{"start":{"line":4,"column":2},"end":{"line":4,"column":3}},"loc":{"start":{"line":4,"column":38},"end":{"line":14,"column":3}},"line":4},"1":{"name":"(anonymous_1)","decl":{"start":{"line":16,"column":2},"end":{"line":16,"column":3}},"loc":{"start":{"line":16,"column":74},"end":{"line":45,"column":3}},"line":16}},"branchMap":{"0":{"loc":{"start":{"line":35,"column":4},"end":{"line":38,"column":5}},"type":"if","locations":[{"start":{"line":35,"column":4},"end":{"line":38,"column":5}},{"start":{},"end":{}}],"line":35},"1":{"loc":{"start":{"line":35,"column":8},"end":{"line":35,"column":49}},"type":"binary-expr","locations":[{"start":{"line":35,"column":8},"end":{"line":35,"column":14}},{"start":{"line":35,"column":18},"end":{"line":35,"column":49}}],"line":35}},"s":{"0":1,"1":3,"2":2,"3":4,"4":4,"5":4,"6":4,"7":1,"8":1,"9":4,"10":4,"11":4,"12":3,"13":1},"f":{"0":3,"1":4},"b":{"0":[1,3],"1":[4,2]},"_coverageSchema":"1a1c01bbd47fc00a2c39e90264f33305004495a9","hash":"c6b6ef551687764558b6a931860bf28415b538e4"}
}
