TN:
SF:controllers\cityController.js
FN:4,(anonymous_0)
FN:23,(anonymous_1)
FNF:2
FNH:2
FNDA:5,(anonymous_0)
FNDA:6,(anonymous_1)
DA:1,1
DA:5,5
DA:7,5
DA:8,2
DA:11,3
DA:12,3
DA:16,2
DA:18,1
DA:19,1
DA:24,6
DA:26,6
DA:27,6
DA:28,6
DA:30,6
DA:31,3
DA:34,3
DA:35,3
DA:43,2
DA:45,1
DA:46,1
DA:51,1
LF:21
LH:21
BRDA:7,0,0,2
BRDA:7,0,1,3
BRDA:7,1,0,5
BRDA:7,1,1,4
BRDA:14,2,0,3
BRDA:14,2,1,2
BRDA:30,3,0,3
BRDA:30,3,1,3
BRDA:30,4,0,6
BRDA:30,4,1,5
BRDA:30,4,2,4
BRDA:39,5,0,3
BRDA:39,5,1,2
BRDA:40,6,0,3
BRDA:40,6,1,2
BRF:15
BRH:15
end_of_record
TN:
SF:middlewares\cors.js
FN:1,cors
FNF:1
FNH:1
FNDA:2,cors
DA:2,2
DA:3,2
DA:6,1
LF:3
LH:3
BRF:0
BRH:0
end_of_record
TN:
SF:services\cityService.js
FN:4,(anonymous_0)
FN:16,(anonymous_1)
FNF:2
FNH:2
FNDA:3,(anonymous_0)
FNDA:4,(anonymous_1)
DA:1,1
DA:5,3
DA:13,2
DA:17,4
DA:19,4
DA:33,4
DA:35,4
DA:36,1
DA:37,1
DA:40,4
DA:41,4
DA:43,4
DA:44,3
DA:48,1
LF:14
LH:14
BRDA:35,0,0,1
BRDA:35,0,1,3
BRDA:35,1,0,4
BRDA:35,1,1,2
BRF:4
BRH:4
end_of_record
